# Writing all output to: D:\Anklon\Project\tictactoe\pcb\backup\TTT_PCB(final2).log
Nets shorting at pin
Nets shorting at pin
Nets shorting at pin
Nets shorting at pin
Nets shorting at pin
Nets shorting at pin
Nets shorting at pin
Nets shorting at pin
Nets shorting at pin
Nets shorting at pin
Nets shorting at pin
Nets shorting at pin
Nets shorting at pin
Nets shorting at pin
Nets shorting at pin
Nets shorting at pin
Nets shorting at pin
Nets shorting at pin
Nets shorting at pin
set pad_wire_necking on
bus diagonal
fanout 5
route 50
clean 2
route 50 16
clean 2
filter 5
recorner diagonal
status_file

